<?xml version="1.0" encoding="UTF-8"?>
<coverage generated="1609883084535" clover="3.2.0">
  <project timestamp="1609883084535" name="All files">
    <metrics statements="64" coveredstatements="64" conditionals="15" coveredconditionals="15" methods="16" coveredmethods="16" elements="95" coveredelements="95" complexity="0" loc="64" ncloc="64" packages="1" files="5" classes="5"/>
    <file name="arrayAnalysis.js" path="C:\Microverse\Javascript\TestingPractice_JS\arrayAnalysis.js">
      <metrics statements="8" coveredstatements="8" conditionals="0" coveredconditionals="0" methods="2" coveredmethods="2"/>
      <line num="1" count="1" type="stmt"/>
      <line num="2" count="12" type="stmt"/>
      <line num="3" count="2" type="stmt"/>
      <line num="4" count="2" type="stmt"/>
      <line num="6" count="2" type="stmt"/>
      <line num="7" count="2" type="stmt"/>
      <line num="9" count="2" type="stmt"/>
      <line num="15" count="1" type="stmt"/>
    </file>
    <file name="caesarCipher.js" path="C:\Microverse\Javascript\TestingPractice_JS\caesarCipher.js">
      <metrics statements="32" coveredstatements="32" conditionals="13" coveredconditionals="13" methods="7" coveredmethods="7"/>
      <line num="1" count="1" type="stmt"/>
      <line num="2" count="2" type="stmt"/>
      <line num="3" count="12" type="stmt"/>
      <line num="5" count="6" type="stmt"/>
      <line num="8" count="2" type="stmt"/>
      <line num="9" count="6" type="stmt"/>
      <line num="11" count="6" type="stmt"/>
      <line num="12" count="182" type="stmt"/>
      <line num="15" count="6" type="stmt"/>
      <line num="19" count="2" type="stmt"/>
      <line num="20" count="6" type="stmt"/>
      <line num="22" count="6" type="stmt"/>
      <line num="23" count="182" type="cond" truecount="4" falsecount="0"/>
      <line num="24" count="143" type="stmt"/>
      <line num="25" count="143" type="cond" truecount="4" falsecount="0"/>
      <line num="26" count="117" type="stmt"/>
      <line num="28" count="26" type="stmt"/>
      <line num="31" count="39" type="stmt"/>
      <line num="35" count="6" type="stmt"/>
      <line num="38" count="2" type="stmt"/>
      <line num="39" count="6" type="stmt"/>
      <line num="40" count="6" type="stmt"/>
      <line num="42" count="6" type="stmt"/>
      <line num="43" count="6" type="stmt"/>
      <line num="44" count="182" type="cond" truecount="5" falsecount="0"/>
      <line num="47" count="12" type="stmt"/>
      <line num="51" count="6" type="stmt"/>
      <line num="52" count="182" type="stmt"/>
      <line num="55" count="6" type="stmt"/>
      <line num="58" count="2" type="stmt"/>
      <line num="61" count="1" type="stmt"/>
      <line num="63" count="1" type="stmt"/>
    </file>
    <file name="calculator.js" path="C:\Microverse\Javascript\TestingPractice_JS\calculator.js">
      <metrics statements="8" coveredstatements="8" conditionals="0" coveredconditionals="0" methods="5" coveredmethods="5"/>
      <line num="1" count="1" type="stmt"/>
      <line num="2" count="9" type="stmt"/>
      <line num="3" count="9" type="stmt"/>
      <line num="4" count="9" type="stmt"/>
      <line num="5" count="9" type="stmt"/>
      <line num="6" count="9" type="stmt"/>
      <line num="14" count="1" type="stmt"/>
      <line num="15" count="1" type="stmt"/>
    </file>
    <file name="capitalize.js" path="C:\Microverse\Javascript\TestingPractice_JS\capitalize.js">
      <metrics statements="8" coveredstatements="8" conditionals="2" coveredconditionals="2" methods="1" coveredmethods="1"/>
      <line num="1" count="1" type="stmt"/>
      <line num="2" count="3" type="stmt"/>
      <line num="3" count="3" type="stmt"/>
      <line num="4" count="14" type="cond" truecount="2" falsecount="0"/>
      <line num="5" count="3" type="stmt"/>
      <line num="8" count="3" type="stmt"/>
      <line num="11" count="1" type="stmt"/>
      <line num="13" count="1" type="stmt"/>
    </file>
    <file name="reverseString.js" path="C:\Microverse\Javascript\TestingPractice_JS\reverseString.js">
      <metrics statements="8" coveredstatements="8" conditionals="0" coveredconditionals="0" methods="1" coveredmethods="1"/>
      <line num="1" count="1" type="stmt"/>
      <line num="2" count="3" type="stmt"/>
      <line num="3" count="3" type="stmt"/>
      <line num="4" count="3" type="stmt"/>
      <line num="5" count="15" type="stmt"/>
      <line num="8" count="3" type="stmt"/>
      <line num="11" count="1" type="stmt"/>
      <line num="13" count="1" type="stmt"/>
    </file>
  </project>
</coverage>
