<?xml version="1.0" encoding="UTF-8"?>
<coverage generated="1609779055111" clover="3.2.0">
  <project timestamp="1609779055111" name="All files">
    <metrics statements="24" coveredstatements="24" conditionals="2" coveredconditionals="2" methods="7" coveredmethods="7" elements="33" coveredelements="33" complexity="0" loc="24" ncloc="24" packages="1" files="3" classes="3"/>
    <file name="calculator.js" path="C:\Microverse\Javascript\TestingPractice_JS\calculator.js">
      <metrics statements="8" coveredstatements="8" conditionals="0" coveredconditionals="0" methods="5" coveredmethods="5"/>
      <line num="1" count="1" type="stmt"/>
      <line num="2" count="9" type="stmt"/>
      <line num="3" count="9" type="stmt"/>
      <line num="4" count="9" type="stmt"/>
      <line num="5" count="9" type="stmt"/>
      <line num="6" count="9" type="stmt"/>
      <line num="14" count="1" type="stmt"/>
      <line num="15" count="1" type="stmt"/>
    </file>
    <file name="capitalize.js" path="C:\Microverse\Javascript\TestingPractice_JS\capitalize.js">
      <metrics statements="8" coveredstatements="8" conditionals="2" coveredconditionals="2" methods="1" coveredmethods="1"/>
      <line num="1" count="1" type="stmt"/>
      <line num="2" count="3" type="stmt"/>
      <line num="3" count="3" type="stmt"/>
      <line num="4" count="14" type="cond" truecount="2" falsecount="0"/>
      <line num="5" count="3" type="stmt"/>
      <line num="8" count="3" type="stmt"/>
      <line num="11" count="1" type="stmt"/>
      <line num="13" count="1" type="stmt"/>
    </file>
    <file name="reverseString.js" path="C:\Microverse\Javascript\TestingPractice_JS\reverseString.js">
      <metrics statements="8" coveredstatements="8" conditionals="0" coveredconditionals="0" methods="1" coveredmethods="1"/>
      <line num="1" count="1" type="stmt"/>
      <line num="2" count="3" type="stmt"/>
      <line num="3" count="3" type="stmt"/>
      <line num="4" count="3" type="stmt"/>
      <line num="5" count="15" type="stmt"/>
      <line num="8" count="3" type="stmt"/>
      <line num="11" count="1" type="stmt"/>
      <line num="13" count="1" type="stmt"/>
    </file>
  </project>
</coverage>
