{"C:\\Microverse\\Javascript\\TestingPractice_JS\\arrayAnalysis.js": {"path":"C:\\Microverse\\Javascript\\TestingPractice_JS\\arrayAnalysis.js","statementMap":{"0":{"start":{"line":1,"column":22},"end":{"line":12,"column":1}},"1":{"start":{"line":2,"column":14},"end":{"line":2,"column":52}},"2":{"start":{"line":2,"column":39},"end":{"line":2,"column":48}},"3":{"start":{"line":3,"column":21},"end":{"line":3,"column":24}},"4":{"start":{"line":4,"column":18},"end":{"line":4,"column":30}},"5":{"start":{"line":6,"column":14},"end":{"line":6,"column":30}},"6":{"start":{"line":7,"column":14},"end":{"line":7,"column":30}},"7":{"start":{"line":9,"column":2},"end":{"line":11,"column":4}},"8":{"start":{"line":15,"column":0},"end":{"line":15,"column":31}}},"fnMap":{"0":{"name":"(anonymous_0)","decl":{"start":{"line":1,"column":22},"end":{"line":1,"column":23}},"loc":{"start":{"line":1,"column":31},"end":{"line":12,"column":1}},"line":1},"1":{"name":"(anonymous_1)","decl":{"start":{"line":2,"column":25},"end":{"line":2,"column":26}},"loc":{"start":{"line":2,"column":39},"end":{"line":2,"column":48}},"line":2}},"branchMap":{},"s":{"0":1,"1":2,"2":12,"3":2,"4":2,"5":2,"6":2,"7":2,"8":1},"f":{"0":2,"1":12},"b":{},"_coverageSchema":"1a1c01bbd47fc00a2c39e90264f33305004495a9","hash":"4f6c8279e7412a51c4abd371352d4f89d59b8164"}
,"C:\\Microverse\\Javascript\\TestingPractice_JS\\caesarCipher.js": {"path":"C:\\Microverse\\Javascript\\TestingPractice_JS\\caesarCipher.js","statementMap":{"0":{"start":{"line":1,"column":21},"end":{"line":59,"column":1}},"1":{"start":{"line":2,"column":23},"end":{"line":6,"column":3}},"2":{"start":{"line":3,"column":4},"end":{"line":3,"column":77}},"3":{"start":{"line":3,"column":27},"end":{"line":3,"column":75}},"4":{"start":{"line":5,"column":4},"end":{"line":5,"column":29}},"5":{"start":{"line":8,"column":24},"end":{"line":16,"column":3}},"6":{"start":{"line":9,"column":19},"end":{"line":9,"column":21}},"7":{"start":{"line":11,"column":4},"end":{"line":13,"column":5}},"8":{"start":{"line":11,"column":17},"end":{"line":11,"column":18}},"9":{"start":{"line":12,"column":6},"end":{"line":12,"column":56}},"10":{"start":{"line":15,"column":4},"end":{"line":15,"column":45}},"11":{"start":{"line":19,"column":17},"end":{"line":36,"column":3}},"12":{"start":{"line":20,"column":25},"end":{"line":20,"column":27}},"13":{"start":{"line":22,"column":4},"end":{"line":33,"column":7}},"14":{"start":{"line":23,"column":6},"end":{"line":32,"column":7}},"15":{"start":{"line":24,"column":24},"end":{"line":24,"column":37}},"16":{"start":{"line":25,"column":8},"end":{"line":29,"column":9}},"17":{"start":{"line":26,"column":10},"end":{"line":26,"column":37}},"18":{"start":{"line":28,"column":10},"end":{"line":28,"column":42}},"19":{"start":{"line":31,"column":8},"end":{"line":31,"column":35}},"20":{"start":{"line":35,"column":4},"end":{"line":35,"column":52}},"21":{"start":{"line":38,"column":31},"end":{"line":56,"column":3}},"22":{"start":{"line":39,"column":25},"end":{"line":39,"column":38}},"23":{"start":{"line":40,"column":24},"end":{"line":40,"column":26}},"24":{"start":{"line":42,"column":22},"end":{"line":42,"column":24}},"25":{"start":{"line":43,"column":4},"end":{"line":49,"column":5}},"26":{"start":{"line":43,"column":17},"end":{"line":43,"column":18}},"27":{"start":{"line":44,"column":6},"end":{"line":48,"column":7}},"28":{"start":{"line":47,"column":8},"end":{"line":47,"column":28}},"29":{"start":{"line":51,"column":4},"end":{"line":53,"column":5}},"30":{"start":{"line":51,"column":17},"end":{"line":51,"column":18}},"31":{"start":{"line":52,"column":6},"end":{"line":52,"column":54}},"32":{"start":{"line":55,"column":4},"end":{"line":55,"column":47}},"33":{"start":{"line":58,"column":2},"end":{"line":58,"column":34}},"34":{"start":{"line":61,"column":0},"end":{"line":61,"column":81}},"35":{"start":{"line":63,"column":0},"end":{"line":63,"column":30}}},"fnMap":{"0":{"name":"(anonymous_0)","decl":{"start":{"line":1,"column":21},"end":{"line":1,"column":22}},"loc":{"start":{"line":1,"column":27},"end":{"line":59,"column":1}},"line":1},"1":{"name":"(anonymous_1)","decl":{"start":{"line":2,"column":23},"end":{"line":2,"column":24}},"loc":{"start":{"line":2,"column":48},"end":{"line":6,"column":3}},"line":2},"2":{"name":"(anonymous_2)","decl":{"start":{"line":3,"column":20},"end":{"line":3,"column":21}},"loc":{"start":{"line":3,"column":27},"end":{"line":3,"column":75}},"line":3},"3":{"name":"(anonymous_3)","decl":{"start":{"line":8,"column":24},"end":{"line":8,"column":25}},"loc":{"start":{"line":8,"column":55},"end":{"line":16,"column":3}},"line":8},"4":{"name":"(anonymous_4)","decl":{"start":{"line":19,"column":17},"end":{"line":19,"column":18}},"loc":{"start":{"line":19,"column":50},"end":{"line":36,"column":3}},"line":19},"5":{"name":"(anonymous_5)","decl":{"start":{"line":22,"column":22},"end":{"line":22,"column":23}},"loc":{"start":{"line":22,"column":33},"end":{"line":33,"column":5}},"line":22},"6":{"name":"(anonymous_6)","decl":{"start":{"line":38,"column":31},"end":{"line":38,"column":32}},"loc":{"start":{"line":38,"column":45},"end":{"line":56,"column":3}},"line":38}},"branchMap":{"0":{"loc":{"start":{"line":23,"column":6},"end":{"line":32,"column":7}},"type":"if","locations":[{"start":{"line":23,"column":6},"end":{"line":32,"column":7}},{"start":{"line":23,"column":6},"end":{"line":32,"column":7}}],"line":23},"1":{"loc":{"start":{"line":23,"column":10},"end":{"line":23,"column":41}},"type":"binary-expr","locations":[{"start":{"line":23,"column":10},"end":{"line":23,"column":23}},{"start":{"line":23,"column":27},"end":{"line":23,"column":41}}],"line":23},"2":{"loc":{"start":{"line":25,"column":8},"end":{"line":29,"column":9}},"type":"if","locations":[{"start":{"line":25,"column":8},"end":{"line":29,"column":9}},{"start":{"line":25,"column":8},"end":{"line":29,"column":9}}],"line":25},"3":{"loc":{"start":{"line":25,"column":12},"end":{"line":25,"column":43}},"type":"binary-expr","locations":[{"start":{"line":25,"column":12},"end":{"line":25,"column":25}},{"start":{"line":25,"column":29},"end":{"line":25,"column":43}}],"line":25},"4":{"loc":{"start":{"line":44,"column":6},"end":{"line":48,"column":7}},"type":"if","locations":[{"start":{"line":44,"column":6},"end":{"line":48,"column":7}},{"start":{"line":44,"column":6},"end":{"line":48,"column":7}}],"line":44},"5":{"loc":{"start":{"line":44,"column":10},"end":{"line":46,"column":34}},"type":"binary-expr","locations":[{"start":{"line":44,"column":10},"end":{"line":44,"column":59}},{"start":{"line":45,"column":11},"end":{"line":45,"column":34}},{"start":{"line":46,"column":11},"end":{"line":46,"column":34}}],"line":44}},"s":{"0":1,"1":2,"2":6,"3":12,"4":6,"5":2,"6":6,"7":6,"8":6,"9":182,"10":6,"11":2,"12":6,"13":6,"14":182,"15":143,"16":143,"17":117,"18":26,"19":39,"20":6,"21":2,"22":6,"23":6,"24":6,"25":6,"26":6,"27":182,"28":12,"29":6,"30":6,"31":182,"32":6,"33":2,"34":1,"35":1},"f":{"0":2,"1":6,"2":12,"3":6,"4":6,"5":182,"6":6},"b":{"0":[143,39],"1":[182,145],"2":[117,26],"3":[143,143],"4":[12,170],"5":[182,51,16]},"_coverageSchema":"1a1c01bbd47fc00a2c39e90264f33305004495a9","hash":"2e173c187339527f795e33ba55f7a3c91fde75aa"}
,"C:\\Microverse\\Javascript\\TestingPractice_JS\\calculator.js": {"path":"C:\\Microverse\\Javascript\\TestingPractice_JS\\calculator.js","statementMap":{"0":{"start":{"line":1,"column":19},"end":{"line":12,"column":1}},"1":{"start":{"line":2,"column":14},"end":{"line":2,"column":29}},"2":{"start":{"line":2,"column":24},"end":{"line":2,"column":29}},"3":{"start":{"line":3,"column":19},"end":{"line":3,"column":34}},"4":{"start":{"line":3,"column":29},"end":{"line":3,"column":34}},"5":{"start":{"line":4,"column":19},"end":{"line":4,"column":34}},"6":{"start":{"line":4,"column":29},"end":{"line":4,"column":34}},"7":{"start":{"line":5,"column":17},"end":{"line":5,"column":32}},"8":{"start":{"line":5,"column":27},"end":{"line":5,"column":32}},"9":{"start":{"line":6,"column":2},"end":{"line":11,"column":4}},"10":{"start":{"line":14,"column":0},"end":{"line":14,"column":17}},"11":{"start":{"line":15,"column":0},"end":{"line":15,"column":28}}},"fnMap":{"0":{"name":"(anonymous_0)","decl":{"start":{"line":1,"column":19},"end":{"line":1,"column":20}},"loc":{"start":{"line":1,"column":25},"end":{"line":12,"column":1}},"line":1},"1":{"name":"(anonymous_1)","decl":{"start":{"line":2,"column":14},"end":{"line":2,"column":15}},"loc":{"start":{"line":2,"column":24},"end":{"line":2,"column":29}},"line":2},"2":{"name":"(anonymous_2)","decl":{"start":{"line":3,"column":19},"end":{"line":3,"column":20}},"loc":{"start":{"line":3,"column":29},"end":{"line":3,"column":34}},"line":3},"3":{"name":"(anonymous_3)","decl":{"start":{"line":4,"column":19},"end":{"line":4,"column":20}},"loc":{"start":{"line":4,"column":29},"end":{"line":4,"column":34}},"line":4},"4":{"name":"(anonymous_4)","decl":{"start":{"line":5,"column":17},"end":{"line":5,"column":18}},"loc":{"start":{"line":5,"column":27},"end":{"line":5,"column":32}},"line":5}},"branchMap":{},"s":{"0":1,"1":9,"2":4,"3":9,"4":1,"5":9,"6":1,"7":9,"8":2,"9":9,"10":1,"11":1},"f":{"0":9,"1":4,"2":1,"3":1,"4":2},"b":{},"_coverageSchema":"1a1c01bbd47fc00a2c39e90264f33305004495a9","hash":"fee5c01222a48bfab8ff0ac5711eecc520ed2c1d"}
,"C:\\Microverse\\Javascript\\TestingPractice_JS\\capitalize.js": {"path":"C:\\Microverse\\Javascript\\TestingPractice_JS\\capitalize.js","statementMap":{"0":{"start":{"line":1,"column":19},"end":{"line":9,"column":1}},"1":{"start":{"line":2,"column":15},"end":{"line":2,"column":28}},"2":{"start":{"line":3,"column":2},"end":{"line":7,"column":3}},"3":{"start":{"line":3,"column":15},"end":{"line":3,"column":16}},"4":{"start":{"line":4,"column":4},"end":{"line":6,"column":5}},"5":{"start":{"line":5,"column":6},"end":{"line":5,"column":38}},"6":{"start":{"line":8,"column":2},"end":{"line":8,"column":23}},"7":{"start":{"line":11,"column":0},"end":{"line":11,"column":20}},"8":{"start":{"line":13,"column":0},"end":{"line":13,"column":28}}},"fnMap":{"0":{"name":"(anonymous_0)","decl":{"start":{"line":1,"column":19},"end":{"line":1,"column":20}},"loc":{"start":{"line":1,"column":28},"end":{"line":9,"column":1}},"line":1}},"branchMap":{"0":{"loc":{"start":{"line":4,"column":4},"end":{"line":6,"column":5}},"type":"if","locations":[{"start":{"line":4,"column":4},"end":{"line":6,"column":5}},{"start":{"line":4,"column":4},"end":{"line":6,"column":5}}],"line":4}},"s":{"0":1,"1":3,"2":3,"3":3,"4":14,"5":3,"6":3,"7":1,"8":1},"f":{"0":3},"b":{"0":[3,11]},"_coverageSchema":"1a1c01bbd47fc00a2c39e90264f33305004495a9","hash":"a890cd1bcbc8e974e249a82c0f02e50ba3172715"}
,"C:\\Microverse\\Javascript\\TestingPractice_JS\\reverseString.js": {"path":"C:\\Microverse\\Javascript\\TestingPractice_JS\\reverseString.js","statementMap":{"0":{"start":{"line":1,"column":22},"end":{"line":9,"column":1}},"1":{"start":{"line":2,"column":17},"end":{"line":2,"column":30}},"2":{"start":{"line":3,"column":18},"end":{"line":3,"column":20}},"3":{"start":{"line":4,"column":2},"end":{"line":6,"column":3}},"4":{"start":{"line":4,"column":15},"end":{"line":4,"column":32}},"5":{"start":{"line":5,"column":4},"end":{"line":5,"column":28}},"6":{"start":{"line":8,"column":2},"end":{"line":8,"column":26}},"7":{"start":{"line":11,"column":0},"end":{"line":11,"column":23}},"8":{"start":{"line":13,"column":0},"end":{"line":13,"column":31}}},"fnMap":{"0":{"name":"(anonymous_0)","decl":{"start":{"line":1,"column":22},"end":{"line":1,"column":23}},"loc":{"start":{"line":1,"column":31},"end":{"line":9,"column":1}},"line":1}},"branchMap":{},"s":{"0":1,"1":3,"2":3,"3":3,"4":3,"5":15,"6":3,"7":1,"8":1},"f":{"0":3},"b":{},"_coverageSchema":"1a1c01bbd47fc00a2c39e90264f33305004495a9","hash":"ed2b6ae7b908da003e5f2f990f459d16ca228ca7"}
}
