{"C:\\Microverse\\Javascript\\TestingPractice_JS\\calculator.js": {"path":"C:\\Microverse\\Javascript\\TestingPractice_JS\\calculator.js","statementMap":{"0":{"start":{"line":1,"column":19},"end":{"line":12,"column":1}},"1":{"start":{"line":2,"column":14},"end":{"line":2,"column":29}},"2":{"start":{"line":2,"column":24},"end":{"line":2,"column":29}},"3":{"start":{"line":3,"column":19},"end":{"line":3,"column":34}},"4":{"start":{"line":3,"column":29},"end":{"line":3,"column":34}},"5":{"start":{"line":4,"column":19},"end":{"line":4,"column":34}},"6":{"start":{"line":4,"column":29},"end":{"line":4,"column":34}},"7":{"start":{"line":5,"column":17},"end":{"line":5,"column":32}},"8":{"start":{"line":5,"column":27},"end":{"line":5,"column":32}},"9":{"start":{"line":6,"column":2},"end":{"line":11,"column":4}},"10":{"start":{"line":14,"column":0},"end":{"line":14,"column":17}},"11":{"start":{"line":15,"column":0},"end":{"line":15,"column":28}}},"fnMap":{"0":{"name":"(anonymous_0)","decl":{"start":{"line":1,"column":19},"end":{"line":1,"column":20}},"loc":{"start":{"line":1,"column":25},"end":{"line":12,"column":1}},"line":1},"1":{"name":"(anonymous_1)","decl":{"start":{"line":2,"column":14},"end":{"line":2,"column":15}},"loc":{"start":{"line":2,"column":24},"end":{"line":2,"column":29}},"line":2},"2":{"name":"(anonymous_2)","decl":{"start":{"line":3,"column":19},"end":{"line":3,"column":20}},"loc":{"start":{"line":3,"column":29},"end":{"line":3,"column":34}},"line":3},"3":{"name":"(anonymous_3)","decl":{"start":{"line":4,"column":19},"end":{"line":4,"column":20}},"loc":{"start":{"line":4,"column":29},"end":{"line":4,"column":34}},"line":4},"4":{"name":"(anonymous_4)","decl":{"start":{"line":5,"column":17},"end":{"line":5,"column":18}},"loc":{"start":{"line":5,"column":27},"end":{"line":5,"column":32}},"line":5}},"branchMap":{},"s":{"0":1,"1":9,"2":4,"3":9,"4":1,"5":9,"6":1,"7":9,"8":2,"9":9,"10":1,"11":1},"f":{"0":9,"1":4,"2":1,"3":1,"4":2},"b":{},"_coverageSchema":"1a1c01bbd47fc00a2c39e90264f33305004495a9","hash":"fee5c01222a48bfab8ff0ac5711eecc520ed2c1d"}
,"C:\\Microverse\\Javascript\\TestingPractice_JS\\capitalize.js": {"path":"C:\\Microverse\\Javascript\\TestingPractice_JS\\capitalize.js","statementMap":{"0":{"start":{"line":1,"column":19},"end":{"line":9,"column":1}},"1":{"start":{"line":2,"column":15},"end":{"line":2,"column":28}},"2":{"start":{"line":3,"column":2},"end":{"line":7,"column":3}},"3":{"start":{"line":3,"column":15},"end":{"line":3,"column":16}},"4":{"start":{"line":4,"column":4},"end":{"line":6,"column":5}},"5":{"start":{"line":5,"column":6},"end":{"line":5,"column":38}},"6":{"start":{"line":8,"column":2},"end":{"line":8,"column":23}},"7":{"start":{"line":11,"column":0},"end":{"line":11,"column":20}},"8":{"start":{"line":13,"column":0},"end":{"line":13,"column":28}}},"fnMap":{"0":{"name":"(anonymous_0)","decl":{"start":{"line":1,"column":19},"end":{"line":1,"column":20}},"loc":{"start":{"line":1,"column":28},"end":{"line":9,"column":1}},"line":1}},"branchMap":{"0":{"loc":{"start":{"line":4,"column":4},"end":{"line":6,"column":5}},"type":"if","locations":[{"start":{"line":4,"column":4},"end":{"line":6,"column":5}},{"start":{"line":4,"column":4},"end":{"line":6,"column":5}}],"line":4}},"s":{"0":1,"1":3,"2":3,"3":3,"4":14,"5":3,"6":3,"7":1,"8":1},"f":{"0":3},"b":{"0":[3,11]},"_coverageSchema":"1a1c01bbd47fc00a2c39e90264f33305004495a9","hash":"a890cd1bcbc8e974e249a82c0f02e50ba3172715"}
,"C:\\Microverse\\Javascript\\TestingPractice_JS\\reverseString.js": {"path":"C:\\Microverse\\Javascript\\TestingPractice_JS\\reverseString.js","statementMap":{"0":{"start":{"line":1,"column":22},"end":{"line":9,"column":1}},"1":{"start":{"line":2,"column":17},"end":{"line":2,"column":30}},"2":{"start":{"line":3,"column":18},"end":{"line":3,"column":20}},"3":{"start":{"line":4,"column":2},"end":{"line":6,"column":3}},"4":{"start":{"line":4,"column":15},"end":{"line":4,"column":32}},"5":{"start":{"line":5,"column":4},"end":{"line":5,"column":28}},"6":{"start":{"line":8,"column":2},"end":{"line":8,"column":26}},"7":{"start":{"line":11,"column":0},"end":{"line":11,"column":23}},"8":{"start":{"line":13,"column":0},"end":{"line":13,"column":31}}},"fnMap":{"0":{"name":"(anonymous_0)","decl":{"start":{"line":1,"column":22},"end":{"line":1,"column":23}},"loc":{"start":{"line":1,"column":31},"end":{"line":9,"column":1}},"line":1}},"branchMap":{},"s":{"0":1,"1":3,"2":3,"3":3,"4":3,"5":15,"6":3,"7":1,"8":1},"f":{"0":3},"b":{},"_coverageSchema":"1a1c01bbd47fc00a2c39e90264f33305004495a9","hash":"ed2b6ae7b908da003e5f2f990f459d16ca228ca7"}
}
