TN:
SF:arrayAnalysis.js
FN:1,(anonymous_0)
FN:2,(anonymous_1)
FNF:2
FNH:2
FNDA:2,(anonymous_0)
FNDA:12,(anonymous_1)
DA:1,1
DA:2,12
DA:3,2
DA:4,2
DA:6,2
DA:7,2
DA:9,2
DA:15,1
LF:8
LH:8
BRF:0
BRH:0
end_of_record
TN:
SF:caesarCipher.js
FN:1,(anonymous_0)
FN:2,(anonymous_1)
FN:3,(anonymous_2)
FN:8,(anonymous_3)
FN:19,(anonymous_4)
FN:22,(anonymous_5)
FN:38,(anonymous_6)
FNF:7
FNH:7
FNDA:2,(anonymous_0)
FNDA:6,(anonymous_1)
FNDA:12,(anonymous_2)
FNDA:6,(anonymous_3)
FNDA:6,(anonymous_4)
FNDA:182,(anonymous_5)
FNDA:6,(anonymous_6)
DA:1,1
DA:2,2
DA:3,12
DA:5,6
DA:8,2
DA:9,6
DA:11,6
DA:12,182
DA:15,6
DA:19,2
DA:20,6
DA:22,6
DA:23,182
DA:24,143
DA:25,143
DA:26,117
DA:28,26
DA:31,39
DA:35,6
DA:38,2
DA:39,6
DA:40,6
DA:42,6
DA:43,6
DA:44,182
DA:47,12
DA:51,6
DA:52,182
DA:55,6
DA:58,2
DA:61,1
DA:63,1
LF:32
LH:32
BRDA:23,0,0,143
BRDA:23,0,1,39
BRDA:23,1,0,182
BRDA:23,1,1,145
BRDA:25,2,0,117
BRDA:25,2,1,26
BRDA:25,3,0,143
BRDA:25,3,1,143
BRDA:44,4,0,12
BRDA:44,4,1,170
BRDA:44,5,0,182
BRDA:44,5,1,51
BRDA:44,5,2,16
BRF:13
BRH:13
end_of_record
TN:
SF:calculator.js
FN:1,(anonymous_0)
FN:2,(anonymous_1)
FN:3,(anonymous_2)
FN:4,(anonymous_3)
FN:5,(anonymous_4)
FNF:5
FNH:5
FNDA:9,(anonymous_0)
FNDA:4,(anonymous_1)
FNDA:1,(anonymous_2)
FNDA:1,(anonymous_3)
FNDA:2,(anonymous_4)
DA:1,1
DA:2,9
DA:3,9
DA:4,9
DA:5,9
DA:6,9
DA:14,1
DA:15,1
LF:8
LH:8
BRF:0
BRH:0
end_of_record
TN:
SF:capitalize.js
FN:1,(anonymous_0)
FNF:1
FNH:1
FNDA:3,(anonymous_0)
DA:1,1
DA:2,3
DA:3,3
DA:4,14
DA:5,3
DA:8,3
DA:11,1
DA:13,1
LF:8
LH:8
BRDA:4,0,0,3
BRDA:4,0,1,11
BRF:2
BRH:2
end_of_record
TN:
SF:reverseString.js
FN:1,(anonymous_0)
FNF:1
FNH:1
FNDA:3,(anonymous_0)
DA:1,1
DA:2,3
DA:3,3
DA:4,3
DA:5,15
DA:8,3
DA:11,1
DA:13,1
LF:8
LH:8
BRF:0
BRH:0
end_of_record
